{
"/Users/peterkim/cf/401/lab-assignments/lab-peter/13-mongo_and_express_api/model/dogs.js":{"path":"/Users/peterkim/cf/401/lab-assignments/lab-peter/13-mongo_and_express_api/model/dogs.js","s":{"1":1,"2":1,"3":1,"4":1},"b":{},"f":{},"fnMap":{},"statementMap":{"1":{"start":{"line":3,"column":0},"end":{"line":3,"column":37}},"2":{"start":{"line":4,"column":0},"end":{"line":4,"column":31}},"3":{"start":{"line":6,"column":0},"end":{"line":10,"column":3}},"4":{"start":{"line":12,"column":0},"end":{"line":12,"column":51}}},"branchMap":{},"l":{"3":1,"4":1,"6":1,"12":1}}}
